<?xml version="1.0" encoding="UTF-8"?>
<testng-results ignored="0" total="19" passed="15" failed="4" skipped="0">
  <reporter-output>
  </reporter-output>
  <suite started-at="2024-02-15T19:27:35 EET" name="Surefire suite" finished-at="2024-02-15T19:30:17 EET" duration-ms="162866">
    <groups>
      <group name="cucumber">
        <method signature="AbstractTestNGCucumberTests.runScenario(io.cucumber.testng.PickleWrapper,io.cucumber.testng.FeatureWrapper)[pri:0, instance:org.example.testRunner.runners@48aaecc3]" name="runScenario" class="io.cucumber.testng.AbstractTestNGCucumberTests"/>
      </group> <!-- cucumber -->
    </groups>
    <test started-at="2024-02-15T19:27:35 EET" name="Surefire test" finished-at="2024-02-15T19:30:17 EET" duration-ms="162866">
      <class name="org.example.testRunner.runners">
        <test-method is-config="true" signature="setUpClass(org.testng.ITestContext)[pri:0, instance:org.example.testRunner.runners@48aaecc3]" started-at="2024-02-15T19:27:35 EET" name="setUpClass" finished-at="2024-02-15T19:27:35 EET" duration-ms="306" status="PASS">
          <params>
            <param index="0">
              <value>
                <![CDATA[org.testng.TestRunner@70aa58e1]]>
              </value>
            </param>
          </params>
          <reporter-output>
          </reporter-output>
        </test-method> <!-- setUpClass -->
        <test-method signature="runScenario(io.cucumber.testng.PickleWrapper,io.cucumber.testng.FeatureWrapper)[pri:0, instance:org.example.testRunner.runners@48aaecc3]" started-at="2024-02-15T19:27:35 EET" name="runScenario" description="Runs Cucumber Scenarios" data-provider="scenarios" finished-at="2024-02-15T19:27:46 EET" duration-ms="10684" status="PASS">
          <params>
            <param index="0">
              <value>
                <![CDATA["guest user could register with valid data successfully"]]>
              </value>
            </param>
            <param index="1">
              <value>
                <![CDATA["F01_Register | users could register with new account"]]>
              </value>
            </param>
          </params>
          <reporter-output>
          </reporter-output>
        </test-method> <!-- runScenario -->
        <test-method signature="runScenario(io.cucumber.testng.PickleWrapper,io.cucumber.testng.FeatureWrapper)[pri:0, instance:org.example.testRunner.runners@48aaecc3]" started-at="2024-02-15T19:27:46 EET" name="runScenario" description="Runs Cucumber Scenarios" data-provider="scenarios" finished-at="2024-02-15T19:27:52 EET" duration-ms="5966" status="PASS">
          <params>
            <param index="0">
              <value>
                <![CDATA["user could login with valid email and password"]]>
              </value>
            </param>
            <param index="1">
              <value>
                <![CDATA["F02_Login | users could use login functionality to use their accounts"]]>
              </value>
            </param>
          </params>
          <reporter-output>
          </reporter-output>
        </test-method> <!-- runScenario -->
        <test-method signature="runScenario(io.cucumber.testng.PickleWrapper,io.cucumber.testng.FeatureWrapper)[pri:0, instance:org.example.testRunner.runners@48aaecc3]" started-at="2024-02-15T19:27:52 EET" name="runScenario" description="Runs Cucumber Scenarios" data-provider="scenarios" finished-at="2024-02-15T19:27:57 EET" duration-ms="5944" status="PASS">
          <params>
            <param index="0">
              <value>
                <![CDATA["user could login with invalid email and password"]]>
              </value>
            </param>
            <param index="1">
              <value>
                <![CDATA["F02_Login | users could use login functionality to use their accounts"]]>
              </value>
            </param>
          </params>
          <reporter-output>
          </reporter-output>
        </test-method> <!-- runScenario -->
        <test-method signature="runScenario(io.cucumber.testng.PickleWrapper,io.cucumber.testng.FeatureWrapper)[pri:0, instance:org.example.testRunner.runners@48aaecc3]" started-at="2024-02-15T19:27:57 EET" name="runScenario" description="Runs Cucumber Scenarios" data-provider="scenarios" finished-at="2024-02-15T19:28:04 EET" duration-ms="6857" status="PASS">
          <params>
            <param index="0">
              <value>
                <![CDATA["users could choose their currency successfully"]]>
              </value>
            </param>
            <param index="1">
              <value>
                <![CDATA["F03_currencies | Change currency"]]>
              </value>
            </param>
          </params>
          <reporter-output>
          </reporter-output>
        </test-method> <!-- runScenario -->
        <test-method signature="runScenario(io.cucumber.testng.PickleWrapper,io.cucumber.testng.FeatureWrapper)[pri:0, instance:org.example.testRunner.runners@48aaecc3]" started-at="2024-02-15T19:28:04 EET" name="runScenario" description="Runs Cucumber Scenarios" data-provider="scenarios" finished-at="2024-02-15T19:28:10 EET" duration-ms="5985" status="FAIL">
          <params>
            <param index="0">
              <value>
                <![CDATA["user could search using product name"]]>
              </value>
            </param>
            <param index="1">
              <value>
                <![CDATA["F04_Search | users could use Search functionality to find products"]]>
              </value>
            </param>
          </params>
          <exception class="java.lang.AssertionError">
            <message>
              <![CDATA[The following asserts failed:
Search result verification failed for result #2 expected [true] but found [false],
Search result verification failed for result #6 expected [true] but found [false]]]>
            </message>
            <full-stacktrace>
              <![CDATA[java.lang.AssertionError: The following asserts failed:
Search result verification failed for result #2 expected [true] but found [false],
Search result verification failed for result #6 expected [true] but found [false]
at org.testng.asserts.SoftAssert.assertAll(SoftAssert.java:46)
at org.testng.asserts.SoftAssert.assertAll(SoftAssert.java:30)
at org.example.pages.P03_homePage.searchResultsForSearchProduct(P03_homePage.java:162)
at org.example.stepDefinitions.D04_SearchStepDef.search_results_for_product_are_displayed(D04_SearchStepDef.java:23)
at ✽.search results for "book" are displayed(file:///E:/Automation/nopcommerce-testing-main/src/main/resources/Features/F04_Search.feature:7)
]]>
            </full-stacktrace>
          </exception> <!-- java.lang.AssertionError -->
          <reporter-output>
          </reporter-output>
        </test-method> <!-- runScenario -->
        <test-method signature="runScenario(io.cucumber.testng.PickleWrapper,io.cucumber.testng.FeatureWrapper)[pri:0, instance:org.example.testRunner.runners@48aaecc3]" started-at="2024-02-15T19:28:10 EET" name="runScenario" description="Runs Cucumber Scenarios" data-provider="scenarios" finished-at="2024-02-15T19:28:16 EET" duration-ms="5888" status="PASS">
          <params>
            <param index="0">
              <value>
                <![CDATA["user could search using product name"]]>
              </value>
            </param>
            <param index="1">
              <value>
                <![CDATA["F04_Search | users could use Search functionality to find products"]]>
              </value>
            </param>
          </params>
          <reporter-output>
          </reporter-output>
        </test-method> <!-- runScenario -->
        <test-method signature="runScenario(io.cucumber.testng.PickleWrapper,io.cucumber.testng.FeatureWrapper)[pri:0, instance:org.example.testRunner.runners@48aaecc3]" started-at="2024-02-15T19:28:16 EET" name="runScenario" description="Runs Cucumber Scenarios" data-provider="scenarios" finished-at="2024-02-15T19:28:22 EET" duration-ms="5405" status="PASS">
          <params>
            <param index="0">
              <value>
                <![CDATA["user could search using product name"]]>
              </value>
            </param>
            <param index="1">
              <value>
                <![CDATA["F04_Search | users could use Search functionality to find products"]]>
              </value>
            </param>
          </params>
          <reporter-output>
          </reporter-output>
        </test-method> <!-- runScenario -->
        <test-method signature="runScenario(io.cucumber.testng.PickleWrapper,io.cucumber.testng.FeatureWrapper)[pri:0, instance:org.example.testRunner.runners@48aaecc3]" started-at="2024-02-15T19:28:22 EET" name="runScenario" description="Runs Cucumber Scenarios" data-provider="scenarios" finished-at="2024-02-15T19:28:28 EET" duration-ms="5990" status="PASS">
          <params>
            <param index="0">
              <value>
                <![CDATA["user could search for product using sku"]]>
              </value>
            </param>
            <param index="1">
              <value>
                <![CDATA["F04_Search | users could use Search functionality to find products"]]>
              </value>
            </param>
          </params>
          <reporter-output>
          </reporter-output>
        </test-method> <!-- runScenario -->
        <test-method signature="runScenario(io.cucumber.testng.PickleWrapper,io.cucumber.testng.FeatureWrapper)[pri:0, instance:org.example.testRunner.runners@48aaecc3]" started-at="2024-02-15T19:28:28 EET" name="runScenario" description="Runs Cucumber Scenarios" data-provider="scenarios" finished-at="2024-02-15T19:28:35 EET" duration-ms="7050" status="PASS">
          <params>
            <param index="0">
              <value>
                <![CDATA["user could search for product using sku"]]>
              </value>
            </param>
            <param index="1">
              <value>
                <![CDATA["F04_Search | users could use Search functionality to find products"]]>
              </value>
            </param>
          </params>
          <reporter-output>
          </reporter-output>
        </test-method> <!-- runScenario -->
        <test-method signature="runScenario(io.cucumber.testng.PickleWrapper,io.cucumber.testng.FeatureWrapper)[pri:0, instance:org.example.testRunner.runners@48aaecc3]" started-at="2024-02-15T19:28:35 EET" name="runScenario" description="Runs Cucumber Scenarios" data-provider="scenarios" finished-at="2024-02-15T19:28:42 EET" duration-ms="6881" status="PASS">
          <params>
            <param index="0">
              <value>
                <![CDATA["user could search for product using sku"]]>
              </value>
            </param>
            <param index="1">
              <value>
                <![CDATA["F04_Search | users could use Search functionality to find products"]]>
              </value>
            </param>
          </params>
          <reporter-output>
          </reporter-output>
        </test-method> <!-- runScenario -->
        <test-method signature="runScenario(io.cucumber.testng.PickleWrapper,io.cucumber.testng.FeatureWrapper)[pri:0, instance:org.example.testRunner.runners@48aaecc3]" started-at="2024-02-15T19:28:42 EET" name="runScenario" description="Runs Cucumber Scenarios" data-provider="scenarios" finished-at="2024-02-15T19:28:55 EET" duration-ms="13006" status="PASS">
          <params>
            <param index="0">
              <value>
                <![CDATA["hover on computers menu"]]>
              </value>
            </param>
            <param index="1">
              <value>
                <![CDATA["F05_hoverCategories | hover on main categories"]]>
              </value>
            </param>
          </params>
          <reporter-output>
          </reporter-output>
        </test-method> <!-- runScenario -->
        <test-method signature="runScenario(io.cucumber.testng.PickleWrapper,io.cucumber.testng.FeatureWrapper)[pri:0, instance:org.example.testRunner.runners@48aaecc3]" started-at="2024-02-15T19:28:55 EET" name="runScenario" description="Runs Cucumber Scenarios" data-provider="scenarios" finished-at="2024-02-15T19:29:03 EET" duration-ms="7981" status="FAIL">
          <params>
            <param index="0">
              <value>
                <![CDATA["open first slider that will direct you to iphone 14 pro product"]]>
              </value>
            </param>
            <param index="1">
              <value>
                <![CDATA["F06_homeSliders |"]]>
              </value>
            </param>
          </params>
          <exception class="java.lang.AssertionError">
            <message>
              <![CDATA[Unexpected URL: https://demo.nopcommerce.com/]]>
            </message>
            <full-stacktrace>
              <![CDATA[java.lang.AssertionError: Unexpected URL: https://demo.nopcommerce.com/
at org.testng.Assert.fail(Assert.java:111)
at org.example.pages.P03_homePage.validateUrls(P03_homePage.java:228)
at org.example.stepDefinitions.D06_HomeSlidersStepDef.validate_on_url_is_right(D06_HomeSlidersStepDef.java:23)
at ✽.validate the URL is right(file:///E:/Automation/nopcommerce-testing-main/src/main/resources/Features/F06_HomeSliders.feature:7)
]]>
            </full-stacktrace>
          </exception> <!-- java.lang.AssertionError -->
          <reporter-output>
          </reporter-output>
        </test-method> <!-- runScenario -->
        <test-method signature="runScenario(io.cucumber.testng.PickleWrapper,io.cucumber.testng.FeatureWrapper)[pri:0, instance:org.example.testRunner.runners@48aaecc3]" started-at="2024-02-15T19:29:03 EET" name="runScenario" description="Runs Cucumber Scenarios" data-provider="scenarios" finished-at="2024-02-15T19:29:10 EET" duration-ms="7297" status="FAIL">
          <params>
            <param index="0">
              <value>
                <![CDATA["open second slider that will direct you to S22Ultra product"]]>
              </value>
            </param>
            <param index="1">
              <value>
                <![CDATA["F06_homeSliders |"]]>
              </value>
            </param>
          </params>
          <exception class="java.lang.AssertionError">
            <message>
              <![CDATA[Unexpected URL: https://demo.nopcommerce.com/]]>
            </message>
            <full-stacktrace>
              <![CDATA[java.lang.AssertionError: Unexpected URL: https://demo.nopcommerce.com/
at org.testng.Assert.fail(Assert.java:111)
at org.example.pages.P03_homePage.validateUrls(P03_homePage.java:228)
at org.example.stepDefinitions.D06_HomeSlidersStepDef.validate_on_url(D06_HomeSlidersStepDef.java:37)
at ✽.validate the URL(file:///E:/Automation/nopcommerce-testing-main/src/main/resources/Features/F06_HomeSliders.feature:12)
]]>
            </full-stacktrace>
          </exception> <!-- java.lang.AssertionError -->
          <reporter-output>
          </reporter-output>
        </test-method> <!-- runScenario -->
        <test-method signature="runScenario(io.cucumber.testng.PickleWrapper,io.cucumber.testng.FeatureWrapper)[pri:0, instance:org.example.testRunner.runners@48aaecc3]" started-at="2024-02-15T19:29:10 EET" name="runScenario" description="Runs Cucumber Scenarios" data-provider="scenarios" finished-at="2024-02-15T19:29:17 EET" duration-ms="7250" status="PASS">
          <params>
            <param index="0">
              <value>
                <![CDATA["user opens facebook link"]]>
              </value>
            </param>
            <param index="1">
              <value>
                <![CDATA["F07_followUs | Opens Facebook Link"]]>
              </value>
            </param>
          </params>
          <reporter-output>
          </reporter-output>
        </test-method> <!-- runScenario -->
        <test-method signature="runScenario(io.cucumber.testng.PickleWrapper,io.cucumber.testng.FeatureWrapper)[pri:0, instance:org.example.testRunner.runners@48aaecc3]" started-at="2024-02-15T19:29:17 EET" name="runScenario" description="Runs Cucumber Scenarios" data-provider="scenarios" finished-at="2024-02-15T19:29:27 EET" duration-ms="10423" status="PASS">
          <params>
            <param index="0">
              <value>
                <![CDATA["user opens Twitter link"]]>
              </value>
            </param>
            <param index="1">
              <value>
                <![CDATA["F07_followUs | Opens Facebook Link"]]>
              </value>
            </param>
          </params>
          <reporter-output>
          </reporter-output>
        </test-method> <!-- runScenario -->
        <test-method signature="runScenario(io.cucumber.testng.PickleWrapper,io.cucumber.testng.FeatureWrapper)[pri:0, instance:org.example.testRunner.runners@48aaecc3]" started-at="2024-02-15T19:29:27 EET" name="runScenario" description="Runs Cucumber Scenarios" data-provider="scenarios" finished-at="2024-02-15T19:29:36 EET" duration-ms="8194" status="FAIL">
          <params>
            <param index="0">
              <value>
                <![CDATA["user opens RSS link"]]>
              </value>
            </param>
            <param index="1">
              <value>
                <![CDATA["F07_followUs | Opens Facebook Link"]]>
              </value>
            </param>
          </params>
          <exception class="java.lang.IndexOutOfBoundsException">
            <message>
              <![CDATA[Index 1 out of bounds for length 1]]>
            </message>
            <full-stacktrace>
              <![CDATA[java.lang.IndexOutOfBoundsException: Index 1 out of bounds for length 1
at java.base/jdk.internal.util.Preconditions.outOfBounds(Preconditions.java:100)
at java.base/jdk.internal.util.Preconditions.outOfBoundsCheckIndex(Preconditions.java:106)
at java.base/jdk.internal.util.Preconditions.checkIndex(Preconditions.java:302)
at java.base/java.util.Objects.checkIndex(Objects.java:385)
at java.base/java.util.ArrayList.get(ArrayList.java:427)
at org.example.pages.P03_homePage.handleSecondPage(P03_homePage.java:241)
at org.example.stepDefinitions.D07_FollowUsStepDef.user_redirect_to_RSS_page_url(D07_FollowUsStepDef.java:50)
at ✽.user redirect to RSS page URL(file:///E:/Automation/nopcommerce-testing-main/src/main/resources/Features/F07_FollowUs.feature:18)
]]>
            </full-stacktrace>
          </exception> <!-- java.lang.IndexOutOfBoundsException -->
          <reporter-output>
          </reporter-output>
        </test-method> <!-- runScenario -->
        <test-method signature="runScenario(io.cucumber.testng.PickleWrapper,io.cucumber.testng.FeatureWrapper)[pri:0, instance:org.example.testRunner.runners@48aaecc3]" started-at="2024-02-15T19:29:36 EET" name="runScenario" description="Runs Cucumber Scenarios" data-provider="scenarios" finished-at="2024-02-15T19:30:04 EET" duration-ms="28330" status="PASS">
          <params>
            <param index="0">
              <value>
                <![CDATA["user opens Youtube link"]]>
              </value>
            </param>
            <param index="1">
              <value>
                <![CDATA["F07_followUs | Opens Facebook Link"]]>
              </value>
            </param>
          </params>
          <reporter-output>
          </reporter-output>
        </test-method> <!-- runScenario -->
        <test-method signature="runScenario(io.cucumber.testng.PickleWrapper,io.cucumber.testng.FeatureWrapper)[pri:0, instance:org.example.testRunner.runners@48aaecc3]" started-at="2024-02-15T19:30:04 EET" name="runScenario" description="Runs Cucumber Scenarios" data-provider="scenarios" finished-at="2024-02-15T19:30:10 EET" duration-ms="6277" status="PASS">
          <params>
            <param index="0">
              <value>
                <![CDATA["add HTC One M8 Android L 5.0 Lollipop to wishlist"]]>
              </value>
            </param>
            <param index="1">
              <value>
                <![CDATA["F08_Wishlist | add to Wishlist"]]>
              </value>
            </param>
          </params>
          <reporter-output>
          </reporter-output>
        </test-method> <!-- runScenario -->
        <test-method signature="runScenario(io.cucumber.testng.PickleWrapper,io.cucumber.testng.FeatureWrapper)[pri:0, instance:org.example.testRunner.runners@48aaecc3]" started-at="2024-02-15T19:30:10 EET" name="runScenario" description="Runs Cucumber Scenarios" data-provider="scenarios" finished-at="2024-02-15T19:30:17 EET" duration-ms="7080" status="PASS">
          <params>
            <param index="0">
              <value>
                <![CDATA["validate product qty in wishlist page"]]>
              </value>
            </param>
            <param index="1">
              <value>
                <![CDATA["F08_Wishlist | add to Wishlist"]]>
              </value>
            </param>
          </params>
          <reporter-output>
          </reporter-output>
        </test-method> <!-- runScenario -->
        <test-method is-config="true" signature="tearDownClass()[pri:0, instance:org.example.testRunner.runners@48aaecc3]" started-at="2024-02-15T19:30:17 EET" name="tearDownClass" finished-at="2024-02-15T19:30:17 EET" duration-ms="36" status="PASS">
          <reporter-output>
          </reporter-output>
        </test-method> <!-- tearDownClass -->
      </class> <!-- org.example.testRunner.runners -->
    </test> <!-- Surefire test -->
  </suite> <!-- Surefire suite -->
</testng-results>
