<?xml version="1.0" encoding="UTF-8"?>
<testsuite xmlns:xsi="http://www.w3.org/2001/XMLSchema-instance" xsi:noNamespaceSchemaLocation="https://maven.apache.org/surefire/maven-surefire-plugin/xsd/surefire-test-report-3.0.xsd" version="3.0" name="org.example.testRunner.runners" time="163.13" tests="19" errors="0" skipped="0" failures="4">
  <properties>
[...]
</properties>
  <testcase name="runScenario" classname="org.example.testRunner.runners" time="10.685"/>
  <testcase name="runScenario" classname="org.example.testRunner.runners" time="5.966"/>
  <testcase name="runScenario" classname="org.example.testRunner.runners" time="5.945"/>
  <testcase name="runScenario" classname="org.example.testRunner.runners" time="6.857"/>
  <testcase name="runScenario" classname="org.example.testRunner.runners" time="5.989">
    <failure message="The following asserts failed:&#10;	Search result verification failed for result #2 expected [true] but found [false],&#10;	Search result verification failed for result #6 expected [true] but found [false]" type="java.lang.AssertionError"><![CDATA[java.lang.AssertionError: 
The following asserts failed:
	Search result verification failed for result #2 expected [true] but found [false],
	Search result verification failed for result #6 expected [true] but found [false]
]]></failure>
    <system-out><![CDATA[
@smoke
Scenario Outline: user could search using product name &amp#27;[90m# src/main/resources/Features/F04_Search.feature:10&amp#27;[0m
  &amp#27;[32mWhen &amp#27;[0m&amp#27;[32muser enters &amp#27;[0m&amp#27;[32m&amp#27;[1m"book"&amp#27;[0m&amp#27;[32m in homepage search bar&amp#27;[0m       &amp#27;[90m# org.example.stepDefinitions.D04_SearchStepDef.user_enters_product_in_search_bar(java.lang.String)&amp#27;[0m
  &amp#27;[32mAnd &amp#27;[0m&amp#27;[32muser clicks on the search button&amp#27;[0m                 &amp#27;[90m# org.example.stepDefinitions.D04_SearchStepDef.user_clicks_on_the_search_button()&amp#27;[0m
  &amp#27;[31mThen &amp#27;[0m&amp#27;[31msearch results for &amp#27;[0m&amp#27;[31m&amp#27;[1m"book"&amp#27;[0m&amp#27;[31m are displayed&amp#27;[0m         &amp#27;[90m# org.example.stepDefinitions.D04_SearchStepDef.search_results_for_product_are_displayed(java.lang.String)&amp#27;[0m
      &amp#27;[31mjava.lang.AssertionError: The following asserts failed:
	Search result verification failed for result #2 expected [true] but found [false],
	Search result verification failed for result #6 expected [true] but found [false]
	at org.testng.asserts.SoftAssert.assertAll(SoftAssert.java:46)
	at org.testng.asserts.SoftAssert.assertAll(SoftAssert.java:30)
	at org.example.pages.P03_homePage.searchResultsForSearchProduct(P03_homePage.java:162)
	at org.example.stepDefinitions.D04_SearchStepDef.search_results_for_product_are_displayed(D04_SearchStepDef.java:23)
	at ✽.search results for "book" are displayed(file:///E:/Automation/nopcommerce-testing-main/src/main/resources/Features/F04_Search.feature:7)
&amp#27;[0m
]]></system-out>
    <system-err><![CDATA[Feb 15, 2024 7:28:05 PM org.openqa.selenium.devtools.CdpVersionFinder findNearestMatch
WARNING: Unable to find CDP implementation matching 121
Feb 15, 2024 7:28:05 PM org.openqa.selenium.chromium.ChromiumDriver lambda$new$5
WARNING: Unable to find version of CDP to use for 121.0.6167.184. You may need to include a dependency on a specific version of the CDP using something similar to `org.seleniumhq.selenium:selenium-devtools-v86:4.12.1` where the version ("v86") matches the version of the chromium-based browser you're using and the version number of the artifact is the same as Selenium's.
]]></system-err>
  </testcase>
  <testcase name="runScenario" classname="org.example.testRunner.runners" time="5.888"/>
  <testcase name="runScenario" classname="org.example.testRunner.runners" time="5.405"/>
  <testcase name="runScenario" classname="org.example.testRunner.runners" time="5.991"/>
  <testcase name="runScenario" classname="org.example.testRunner.runners" time="7.05"/>
  <testcase name="runScenario" classname="org.example.testRunner.runners" time="6.881"/>
  <testcase name="runScenario" classname="org.example.testRunner.runners" time="13.007"/>
  <testcase name="runScenario" classname="org.example.testRunner.runners" time="7.982">
    <failure message="Unexpected URL: https://demo.nopcommerce.com/" type="java.lang.AssertionError"><![CDATA[java.lang.AssertionError: Unexpected URL: https://demo.nopcommerce.com/
]]></failure>
    <system-out><![CDATA[
@smoke
Scenario: open first slider that will direct you to iphone 14 pro product &amp#27;[90m# src/main/resources/Features/F06_HomeSliders.feature:4&amp#27;[0m
  &amp#27;[32mGiven &amp#27;[0m&amp#27;[32mopen first slider from home page&amp#27;[0m                                  &amp#27;[90m# org.example.stepDefinitions.D06_HomeSlidersStepDef.open_first_slider_from_home_page()&amp#27;[0m
  &amp#27;[32mWhen &amp#27;[0m&amp#27;[32mdirect you to iphone14 pro product details page&amp#27;[0m                    &amp#27;[90m# org.example.stepDefinitions.D06_HomeSlidersStepDef.direct_you_to_iphone14_pro_product_details_page()&amp#27;[0m
  &amp#27;[31mThen &amp#27;[0m&amp#27;[31mvalidate the URL is right&amp#27;[0m                                          &amp#27;[90m# org.example.stepDefinitions.D06_HomeSlidersStepDef.validate_on_url_is_right()&amp#27;[0m
      &amp#27;[31mjava.lang.AssertionError: Unexpected URL: https://demo.nopcommerce.com/
	at org.testng.Assert.fail(Assert.java:111)
	at org.example.pages.P03_homePage.validateUrls(P03_homePage.java:228)
	at org.example.stepDefinitions.D06_HomeSlidersStepDef.validate_on_url_is_right(D06_HomeSlidersStepDef.java:23)
	at ✽.validate the URL is right(file:///E:/Automation/nopcommerce-testing-main/src/main/resources/Features/F06_HomeSliders.feature:7)
&amp#27;[0m
]]></system-out>
    <system-err><![CDATA[Feb 15, 2024 7:28:55 PM org.openqa.selenium.devtools.CdpVersionFinder findNearestMatch
WARNING: Unable to find CDP implementation matching 121
Feb 15, 2024 7:28:55 PM org.openqa.selenium.chromium.ChromiumDriver lambda$new$5
WARNING: Unable to find version of CDP to use for 121.0.6167.184. You may need to include a dependency on a specific version of the CDP using something similar to `org.seleniumhq.selenium:selenium-devtools-v86:4.12.1` where the version ("v86") matches the version of the chromium-based browser you're using and the version number of the artifact is the same as Selenium's.
]]></system-err>
  </testcase>
  <testcase name="runScenario" classname="org.example.testRunner.runners" time="7.298">
    <failure message="Unexpected URL: https://demo.nopcommerce.com/" type="java.lang.AssertionError"><![CDATA[java.lang.AssertionError: Unexpected URL: https://demo.nopcommerce.com/
]]></failure>
    <system-out><![CDATA[
@smoke
Scenario: open second slider that will direct you to S22Ultra product &amp#27;[90m# src/main/resources/Features/F06_HomeSliders.feature:9&amp#27;[0m
  &amp#27;[32mGiven &amp#27;[0m&amp#27;[32mopen second slider from home page&amp#27;[0m                             &amp#27;[90m# org.example.stepDefinitions.D06_HomeSlidersStepDef.open_second_slider_from_home_page()&amp#27;[0m
  &amp#27;[32mWhen &amp#27;[0m&amp#27;[32mdirect you to S22Ultra product details page&amp#27;[0m                    &amp#27;[90m# org.example.stepDefinitions.D06_HomeSlidersStepDef.direct_you_to_S22Ultra_product_details_page()&amp#27;[0m
  &amp#27;[31mThen &amp#27;[0m&amp#27;[31mvalidate the URL&amp#27;[0m                                               &amp#27;[90m# org.example.stepDefinitions.D06_HomeSlidersStepDef.validate_on_url()&amp#27;[0m
      &amp#27;[31mjava.lang.AssertionError: Unexpected URL: https://demo.nopcommerce.com/
	at org.testng.Assert.fail(Assert.java:111)
	at org.example.pages.P03_homePage.validateUrls(P03_homePage.java:228)
	at org.example.stepDefinitions.D06_HomeSlidersStepDef.validate_on_url(D06_HomeSlidersStepDef.java:37)
	at ✽.validate the URL(file:///E:/Automation/nopcommerce-testing-main/src/main/resources/Features/F06_HomeSliders.feature:12)
&amp#27;[0m
]]></system-out>
    <system-err><![CDATA[Feb 15, 2024 7:29:03 PM org.openqa.selenium.devtools.CdpVersionFinder findNearestMatch
WARNING: Unable to find CDP implementation matching 121
Feb 15, 2024 7:29:03 PM org.openqa.selenium.chromium.ChromiumDriver lambda$new$5
WARNING: Unable to find version of CDP to use for 121.0.6167.184. You may need to include a dependency on a specific version of the CDP using something similar to `org.seleniumhq.selenium:selenium-devtools-v86:4.12.1` where the version ("v86") matches the version of the chromium-based browser you're using and the version number of the artifact is the same as Selenium's.
]]></system-err>
  </testcase>
  <testcase name="runScenario" classname="org.example.testRunner.runners" time="7.251"/>
  <testcase name="runScenario" classname="org.example.testRunner.runners" time="10.424"/>
  <testcase name="runScenario" classname="org.example.testRunner.runners" time="8.195">
    <failure message="Index 1 out of bounds for length 1" type="java.lang.IndexOutOfBoundsException"><![CDATA[java.lang.IndexOutOfBoundsException: Index 1 out of bounds for length 1
]]></failure>
    <system-out><![CDATA[
@smoke
Scenario: user opens RSS link                   &amp#27;[90m# src/main/resources/Features/F07_FollowUs.feature:16&amp#27;[0m
  &amp#27;[32mGiven &amp#27;[0m&amp#27;[32muser openes RSS Link&amp#27;[0m                    &amp#27;[90m# org.example.stepDefinitions.D07_FollowUsStepDef.user_openes_RSS_link()&amp#27;[0m
  &amp#27;[31mWhen &amp#27;[0m&amp#27;[31muser redirect to RSS page URL&amp#27;[0m            &amp#27;[90m# org.example.stepDefinitions.D07_FollowUsStepDef.user_redirect_to_RSS_page_url()&amp#27;[0m
      &amp#27;[31mjava.lang.IndexOutOfBoundsException: Index 1 out of bounds for length 1
	at java.base/jdk.internal.util.Preconditions.outOfBounds(Preconditions.java:100)
	at java.base/jdk.internal.util.Preconditions.outOfBoundsCheckIndex(Preconditions.java:106)
	at java.base/jdk.internal.util.Preconditions.checkIndex(Preconditions.java:302)
	at java.base/java.util.Objects.checkIndex(Objects.java:385)
	at java.base/java.util.ArrayList.get(ArrayList.java:427)
	at org.example.pages.P03_homePage.handleSecondPage(P03_homePage.java:241)
	at org.example.stepDefinitions.D07_FollowUsStepDef.user_redirect_to_RSS_page_url(D07_FollowUsStepDef.java:50)
	at ✽.user redirect to RSS page URL(file:///E:/Automation/nopcommerce-testing-main/src/main/resources/Features/F07_FollowUs.feature:18)
&amp#27;[0m
  &amp#27;[36mAnd &amp#27;[0m&amp#27;[36muser validate RSS link and close this tap&amp#27;[0m &amp#27;[90m# org.example.stepDefinitions.D07_FollowUsStepDef.user_validate_RSS_link_and_close_this_tap()&amp#27;[0m
  &amp#27;[36mThen &amp#27;[0m&amp#27;[36muser back to nopcommerce from RSS&amp#27;[0m        &amp#27;[90m# org.example.stepDefinitions.D07_FollowUsStepDef.user_back_to_nopcommerce_from_RSS()&amp#27;[0m
]]></system-out>
    <system-err><![CDATA[Feb 15, 2024 7:29:28 PM org.openqa.selenium.devtools.CdpVersionFinder findNearestMatch
WARNING: Unable to find CDP implementation matching 121
Feb 15, 2024 7:29:28 PM org.openqa.selenium.chromium.ChromiumDriver lambda$new$5
WARNING: Unable to find version of CDP to use for 121.0.6167.184. You may need to include a dependency on a specific version of the CDP using something similar to `org.seleniumhq.selenium:selenium-devtools-v86:4.12.1` where the version ("v86") matches the version of the chromium-based browser you're using and the version number of the artifact is the same as Selenium's.
]]></system-err>
  </testcase>
  <testcase name="runScenario" classname="org.example.testRunner.runners" time="28.331"/>
  <testcase name="runScenario" classname="org.example.testRunner.runners" time="6.277"/>
  <testcase name="runScenario" classname="org.example.testRunner.runners" time="7.08"/>
</testsuite>